[0m[[0m[0mdebug[0m] [0m[0m> Exec(testOnly lab1.check2Test -- -DwriteVcd=1, Some(a97b8621-a987-499a-b8a1-464f602fde48), Some(CommandSource(console0)))[0m
[0m[[0m[0mdebug[0m] [0m[0mEvaluating tasks: Test / testOnly[0m
[0m[[0m[0mdebug[0m] [0m[0mRunning task... Cancel: Signal, check cycles: false, forcegc: true[0m
[0m[[0m[0minfo[0m] [0m[0mcompiling 1 Scala source to /home/hamna/Scala-Chisel-Learning-Journey/target/scala-2.12/classes ...[0m
[0m[[0m[31merror[0m] [0m[0m/home/hamna/Scala-Chisel-Learning-Journey/src/main/scala/lab1/task2.scala:7:19: inferred type arguments [Int.type] do not conform to method apply's type parameter bounds [T <: chisel3.Data][0m
[0m[[0m[31merror[0m] [0m[0m        val in1 = Input(Int)[0m
[0m[[0m[31merror[0m] [0m[0m                  ^[0m
[0m[[0m[31merror[0m] [0m[0m/home/hamna/Scala-Chisel-Learning-Journey/src/main/scala/lab1/task2.scala:7:25: type mismatch;[0m
[0m[[0m[31merror[0m] [0m[0m found   : Int.type[0m
[0m[[0m[31merror[0m] [0m[0m required: T[0m
[0m[[0m[31merror[0m] [0m[0m        val in1 = Input(Int)[0m
[0m[[0m[31merror[0m] [0m[0m                        ^[0m
[0m[[0m[31merror[0m] [0m[0m/home/hamna/Scala-Chisel-Learning-Journey/src/main/scala/lab1/task2.scala:12:25: type mismatch;[0m
[0m[[0m[31merror[0m] [0m[0m found   : T[0m
[0m[[0m[31merror[0m] [0m[0m required: chisel3.SInt[0m
[0m[[0m[31merror[0m] [0m[0m    io.out := io.in2+io.in1 [0m
[0m[[0m[31merror[0m] [0m[0m                        ^[0m
[0m[[0m[31merror[0m] [0m[0mthree errors found[0m
[0m[[0m[31merror[0m] [0m[0m(Compile / [31mcompileIncremental[0m) Compilation failed[0m
[0m[[0m[31merror[0m] [0m[0mTotal time: 0 s, completed Aug 7, 2023, 3:58:07 PM[0m
[0m[[0m[0mdebug[0m] [0m[0m> Exec(shell, None, None)[0m
[0m[[0m[0mdebug[0m] [0m[0mForcing garbage collection...[0m
