[0m[[0m[0mdebug[0m] [0m[0m> Exec(testOnly vector.TopTest, Some(ddf0957d-fe93-4814-bfd9-4367fbe2eb01), Some(CommandSource(console0)))[0m
[0m[[0m[0mdebug[0m] [0m[0mEvaluating tasks: Test / testOnly[0m
[0m[[0m[0mdebug[0m] [0m[0mRunning task... Cancel: Signal, check cycles: false, forcegc: true[0m
[0m[[0m[0minfo[0m] [0m[0mcompiling 1 Scala source to /home/hamna/Scala-Chisel-Learning-Journey/target/scala-2.12/classes ...[0m
[0m[[0m[0minfo[0m] [0m[0mcompiling 1 Scala source to /home/hamna/Scala-Chisel-Learning-Journey/target/scala-2.12/test-classes ...[0m
[0m[[0m[31merror[0m] [0m[0m/home/hamna/Scala-Chisel-Learning-Journey/src/test/scala/vector/fptest.scala:7:12: value in is not a member of String[0m
[0m[[0m[31merror[0m] [0m[0m  "testfp" in {[0m
[0m[[0m[31merror[0m] [0m[0m           ^[0m
[0m[[0m[31merror[0m] [0m[0m/home/hamna/Scala-Chisel-Learning-Journey/src/test/scala/vector/fptest.scala:8:14: not found: type Top[0m
[0m[[0m[31merror[0m] [0m[0m    test(new Top(new Add, new Sub)) { c =>[0m
[0m[[0m[31merror[0m] [0m[0m             ^[0m
[0m[[0m[31merror[0m] [0m[0m/home/hamna/Scala-Chisel-Learning-Journey/src/test/scala/vector/fptest.scala:8:22: not found: type Add[0m
[0m[[0m[31merror[0m] [0m[0m    test(new Top(new Add, new Sub)) { c =>[0m
[0m[[0m[31merror[0m] [0m[0m                     ^[0m
[0m[[0m[31merror[0m] [0m[0m/home/hamna/Scala-Chisel-Learning-Journey/src/test/scala/vector/fptest.scala:8:31: not found: type Sub[0m
[0m[[0m[31merror[0m] [0m[0m    test(new Top(new Add, new Sub)) { c =>[0m
[0m[[0m[31merror[0m] [0m[0m                              ^[0m
[0m[[0m[31merror[0m] [0m[0mfour errors found[0m
[0m[[0m[31merror[0m] [0m[0m(Test / [31mcompileIncremental[0m) Compilation failed[0m
[0m[[0m[31merror[0m] [0m[0mTotal time: 3 s, completed Mar 8, 2023, 5:50:13 PM[0m
[0m[[0m[0mdebug[0m] [0m[0m> Exec(shell, None, None)[0m
