[0m[[0m[0mdebug[0m] [0m[0m> Exec(testOnly BabyKyber.KyberTopTester, Some(8db1a1e4-253b-4ef0-8b92-9f1f2f7fb7d0), Some(CommandSource(console0)))[0m
[0m[[0m[0mdebug[0m] [0m[0mEvaluating tasks: Test / testOnly[0m
[0m[[0m[0mdebug[0m] [0m[0mRunning task... Cancel: Signal, check cycles: false, forcegc: true[0m
[0m[[0m[0minfo[0m] [0m[0mcompiling 1 Scala source to /home/mhussain/BabyKyberAcceleratorCHISEL/target/scala-2.12/classes ...[0m
[0m[[0m[0minfo[0m] [0m[0mcompiling 1 Scala source to /home/mhussain/BabyKyberAcceleratorCHISEL/target/scala-2.12/classes ...[0m
[0m[[0m[0minfo[0m] [0m[0mcompiling 1 Scala source to /home/mhussain/BabyKyberAcceleratorCHISEL/target/scala-2.12/test-classes ...[0m
[0m[[0m[31merror[0m] [0m[0m/home/mhussain/BabyKyberAcceleratorCHISEL/src/test/scala/BabyKyber/KyberTopTest.scala:44:50: type mismatch;[0m
[0m[[0m[31merror[0m] [0m[0m found   : chisel3.UInt[0m
[0m[[0m[31merror[0m] [0m[0m required: chisel3.SInt[0m
[0m[[0m[31merror[0m] [0m[0m      dut.mem_fetch_module.io.addr.poke(testAddr.U)[0m
[0m[[0m[31merror[0m] [0m[0m                                                 ^[0m
[0m[[0m[31merror[0m] [0m[0m/home/mhussain/BabyKyberAcceleratorCHISEL/src/test/scala/BabyKyber/KyberTopTest.scala:51:50: type mismatch;[0m
[0m[[0m[31merror[0m] [0m[0m found   : chisel3.UInt[0m
[0m[[0m[31merror[0m] [0m[0m required: chisel3.SInt[0m
[0m[[0m[31merror[0m] [0m[0m      dut.mem_fetch_module.io.addr.poke(testAddr.U)[0m
[0m[[0m[31merror[0m] [0m[0m                                                 ^[0m
[0m[[0m[31merror[0m] [0m[0mtwo errors found[0m
[0m[[0m[31merror[0m] [0m[0m(Test / [31mcompileIncremental[0m) Compilation failed[0m
[0m[[0m[31merror[0m] [0m[0mTotal time: 10 s, completed Jul 9, 2025, 9:06:45 PM[0m
[0m[[0m[0mdebug[0m] [0m[0m> Exec(shell, None, None)[0m
[0m[[0m[0mdebug[0m] [0m[0mForcing garbage collection...[0m
[0m[[0m[0minfo[0m] [0m[0mshutting down sbt server[0m
